<?xml version="1.0" encoding="UTF-8"?>
<testsuites>
  <testsuite name="/app/phpunit-ci.xml" tests="25" assertions="201" errors="0" failures="0" skipped="0" time="3.084542">
    <testsuite name="Unit" tests="12" assertions="39" errors="0" failures="0" skipped="0" time="0.612943">
      <testsuite name="Tests\Unit\Playground\Directory\Models\Location\ModelTest" file="/app/tests/Unit/Models/Location/ModelTest.php" tests="3" assertions="10" errors="0" failures="0" skipped="0" time="0.366209">
        <testcase name="test_model_instance" file="/app/vendor/gammamatrix/playground-test/src/Unit/Models/ModelCase.php" line="103" class="Tests\Unit\Playground\Directory\Models\Location\ModelTest" classname="Tests.Unit.Playground.Directory.Models.Location.ModelTest" assertions="1" time="0.237833"/>
        <testcase name="test_verify_model_relationships" file="/app/vendor/gammamatrix/playground-test/src/Unit/Models/ModelCase.php" line="264" class="Tests\Unit\Playground\Directory\Models\Location\ModelTest" classname="Tests.Unit.Playground.Directory.Models.Location.ModelTest" assertions="6" time="0.096320"/>
        <testcase name="test_model_factory_make" file="/app/vendor/gammamatrix/playground-test/src/Unit/Models/ModelCase.php" line="280" class="Tests\Unit\Playground\Directory\Models\Location\ModelTest" classname="Tests.Unit.Playground.Directory.Models.Location.ModelTest" assertions="3" time="0.032056"/>
      </testsuite>
      <testsuite name="Tests\Unit\Playground\Directory\Models\LocationRevision\ModelTest" file="/app/tests/Unit/Models/LocationRevision/ModelTest.php" tests="3" assertions="9" errors="0" failures="0" skipped="0" time="0.073884">
        <testcase name="test_model_instance" file="/app/vendor/gammamatrix/playground-test/src/Unit/Models/ModelCase.php" line="103" class="Tests\Unit\Playground\Directory\Models\LocationRevision\ModelTest" classname="Tests.Unit.Playground.Directory.Models.LocationRevision.ModelTest" assertions="1" time="0.022382"/>
        <testcase name="test_verify_model_relationships" file="/app/vendor/gammamatrix/playground-test/src/Unit/Models/ModelCase.php" line="264" class="Tests\Unit\Playground\Directory\Models\LocationRevision\ModelTest" classname="Tests.Unit.Playground.Directory.Models.LocationRevision.ModelTest" assertions="5" time="0.025054"/>
        <testcase name="test_model_factory_make" file="/app/vendor/gammamatrix/playground-test/src/Unit/Models/ModelCase.php" line="280" class="Tests\Unit\Playground\Directory\Models\LocationRevision\ModelTest" classname="Tests.Unit.Playground.Directory.Models.LocationRevision.ModelTest" assertions="3" time="0.026447"/>
      </testsuite>
      <testsuite name="Tests\Unit\Playground\Directory\Models\Sublocation\ModelTest" file="/app/tests/Unit/Models/Sublocation/ModelTest.php" tests="3" assertions="10" errors="0" failures="0" skipped="0" time="0.101653">
        <testcase name="test_model_instance" file="/app/vendor/gammamatrix/playground-test/src/Unit/Models/ModelCase.php" line="103" class="Tests\Unit\Playground\Directory\Models\Sublocation\ModelTest" classname="Tests.Unit.Playground.Directory.Models.Sublocation.ModelTest" assertions="1" time="0.023257"/>
        <testcase name="test_verify_model_relationships" file="/app/vendor/gammamatrix/playground-test/src/Unit/Models/ModelCase.php" line="264" class="Tests\Unit\Playground\Directory\Models\Sublocation\ModelTest" classname="Tests.Unit.Playground.Directory.Models.Sublocation.ModelTest" assertions="6" time="0.054741"/>
        <testcase name="test_model_factory_make" file="/app/vendor/gammamatrix/playground-test/src/Unit/Models/ModelCase.php" line="280" class="Tests\Unit\Playground\Directory\Models\Sublocation\ModelTest" classname="Tests.Unit.Playground.Directory.Models.Sublocation.ModelTest" assertions="3" time="0.023655"/>
      </testsuite>
      <testsuite name="Tests\Unit\Playground\Directory\Models\SublocationRevision\ModelTest" file="/app/tests/Unit/Models/SublocationRevision/ModelTest.php" tests="3" assertions="10" errors="0" failures="0" skipped="0" time="0.071197">
        <testcase name="test_model_instance" file="/app/vendor/gammamatrix/playground-test/src/Unit/Models/ModelCase.php" line="103" class="Tests\Unit\Playground\Directory\Models\SublocationRevision\ModelTest" classname="Tests.Unit.Playground.Directory.Models.SublocationRevision.ModelTest" assertions="1" time="0.022820"/>
        <testcase name="test_verify_model_relationships" file="/app/vendor/gammamatrix/playground-test/src/Unit/Models/ModelCase.php" line="264" class="Tests\Unit\Playground\Directory\Models\SublocationRevision\ModelTest" classname="Tests.Unit.Playground.Directory.Models.SublocationRevision.ModelTest" assertions="6" time="0.024742"/>
        <testcase name="test_model_factory_make" file="/app/vendor/gammamatrix/playground-test/src/Unit/Models/ModelCase.php" line="280" class="Tests\Unit\Playground\Directory\Models\SublocationRevision\ModelTest" classname="Tests.Unit.Playground.Directory.Models.SublocationRevision.ModelTest" assertions="3" time="0.023635"/>
      </testsuite>
    </testsuite>
    <testsuite name="Feature" tests="13" assertions="162" errors="0" failures="0" skipped="0" time="2.471599">
      <testsuite name="Tests\Feature\Playground\Directory\Console\Commands\About\CommandTest" file="/app/tests/Feature/Console/Commands/About/CommandTest.php" tests="1" assertions="2" errors="0" failures="0" skipped="0" time="0.278293">
        <testcase name="test_command_about_displays_package_information_and_succeed" file="/app/tests/Feature/Console/Commands/About/CommandTest.php" line="33" class="Tests\Feature\Playground\Directory\Console\Commands\About\CommandTest" classname="Tests.Feature.Playground.Directory.Console.Commands.About.CommandTest" assertions="2" time="0.278293"/>
      </testsuite>
      <testsuite name="Tests\Feature\Playground\Directory\Models\Location\ModelTest" file="/app/tests/Feature/Models/Location/ModelTest.php" tests="3" assertions="44" errors="0" failures="0" skipped="0" time="0.588982">
        <testcase name="test_model_instance" file="/app/vendor/gammamatrix/playground-test/src/Feature/Models/ModelCase.php" line="109" class="Tests\Feature\Playground\Directory\Models\Location\ModelTest" classname="Tests.Feature.Playground.Directory.Models.Location.ModelTest" assertions="1" time="0.139364"/>
        <testcase name="test_verify_model_relationships" file="/app/vendor/gammamatrix/playground-test/src/Feature/Models/ModelCase.php" line="528" class="Tests\Feature\Playground\Directory\Models\Location\ModelTest" classname="Tests.Feature.Playground.Directory.Models.Location.ModelTest" assertions="40" time="0.304193"/>
        <testcase name="test_factory_create" file="/app/vendor/gammamatrix/playground-test/src/Feature/Models/ModelCase.php" line="549" class="Tests\Feature\Playground\Directory\Models\Location\ModelTest" classname="Tests.Feature.Playground.Directory.Models.Location.ModelTest" assertions="3" time="0.145425"/>
      </testsuite>
      <testsuite name="Tests\Feature\Playground\Directory\Models\LocationRevision\ModelTest" file="/app/tests/Feature/Models/LocationRevision/ModelTest.php" tests="3" assertions="34" errors="0" failures="0" skipped="0" time="0.516757">
        <testcase name="test_model_instance" file="/app/vendor/gammamatrix/playground-test/src/Feature/Models/ModelCase.php" line="109" class="Tests\Feature\Playground\Directory\Models\LocationRevision\ModelTest" classname="Tests.Feature.Playground.Directory.Models.LocationRevision.ModelTest" assertions="1" time="0.141072"/>
        <testcase name="test_verify_model_relationships" file="/app/vendor/gammamatrix/playground-test/src/Feature/Models/ModelCase.php" line="528" class="Tests\Feature\Playground\Directory\Models\LocationRevision\ModelTest" classname="Tests.Feature.Playground.Directory.Models.LocationRevision.ModelTest" assertions="30" time="0.232193"/>
        <testcase name="test_factory_create" file="/app/vendor/gammamatrix/playground-test/src/Feature/Models/ModelCase.php" line="549" class="Tests\Feature\Playground\Directory\Models\LocationRevision\ModelTest" classname="Tests.Feature.Playground.Directory.Models.LocationRevision.ModelTest" assertions="3" time="0.143492"/>
      </testsuite>
      <testsuite name="Tests\Feature\Playground\Directory\Models\Sublocation\ModelTest" file="/app/tests/Feature/Models/Sublocation/ModelTest.php" tests="3" assertions="42" errors="0" failures="0" skipped="0" time="0.548391">
        <testcase name="test_model_instance" file="/app/vendor/gammamatrix/playground-test/src/Feature/Models/ModelCase.php" line="109" class="Tests\Feature\Playground\Directory\Models\Sublocation\ModelTest" classname="Tests.Feature.Playground.Directory.Models.Sublocation.ModelTest" assertions="1" time="0.138765"/>
        <testcase name="test_verify_model_relationships" file="/app/vendor/gammamatrix/playground-test/src/Feature/Models/ModelCase.php" line="528" class="Tests\Feature\Playground\Directory\Models\Sublocation\ModelTest" classname="Tests.Feature.Playground.Directory.Models.Sublocation.ModelTest" assertions="38" time="0.265334"/>
        <testcase name="test_factory_create" file="/app/vendor/gammamatrix/playground-test/src/Feature/Models/ModelCase.php" line="549" class="Tests\Feature\Playground\Directory\Models\Sublocation\ModelTest" classname="Tests.Feature.Playground.Directory.Models.Sublocation.ModelTest" assertions="3" time="0.144292"/>
      </testsuite>
      <testsuite name="Tests\Feature\Playground\Directory\Models\SublocationRevision\ModelTest" file="/app/tests/Feature/Models/SublocationRevision/ModelTest.php" tests="3" assertions="40" errors="0" failures="0" skipped="0" time="0.539176">
        <testcase name="test_model_instance" file="/app/vendor/gammamatrix/playground-test/src/Feature/Models/ModelCase.php" line="109" class="Tests\Feature\Playground\Directory\Models\SublocationRevision\ModelTest" classname="Tests.Feature.Playground.Directory.Models.SublocationRevision.ModelTest" assertions="1" time="0.137154"/>
        <testcase name="test_verify_model_relationships" file="/app/vendor/gammamatrix/playground-test/src/Feature/Models/ModelCase.php" line="528" class="Tests\Feature\Playground\Directory\Models\SublocationRevision\ModelTest" classname="Tests.Feature.Playground.Directory.Models.SublocationRevision.ModelTest" assertions="36" time="0.258254"/>
        <testcase name="test_factory_create" file="/app/vendor/gammamatrix/playground-test/src/Feature/Models/ModelCase.php" line="549" class="Tests\Feature\Playground\Directory\Models\SublocationRevision\ModelTest" classname="Tests.Feature.Playground.Directory.Models.SublocationRevision.ModelTest" assertions="3" time="0.143767"/>
      </testsuite>
    </testsuite>
  </testsuite>
</testsuites>
