<?xml version="1.0" encoding="UTF-8"?>
<testsuites>
  <testsuite name="/app/phpunit-ci.xml" tests="25" assertions="201" errors="0" failures="0" skipped="0" time="3.123015">
    <testsuite name="Unit" tests="12" assertions="39" errors="0" failures="0" skipped="0" time="0.618023">
      <testsuite name="Tests\Unit\Playground\Directory\Models\Location\ModelTest" file="/app/tests/Unit/Models/Location/ModelTest.php" tests="3" assertions="10" errors="0" failures="0" skipped="0" time="0.370522">
        <testcase name="test_model_instance" file="/app/vendor/gammamatrix/playground-test/src/Unit/Models/ModelCase.php" line="103" class="Tests\Unit\Playground\Directory\Models\Location\ModelTest" classname="Tests.Unit.Playground.Directory.Models.Location.ModelTest" assertions="1" time="0.239979"/>
        <testcase name="test_verify_model_relationships" file="/app/vendor/gammamatrix/playground-test/src/Unit/Models/ModelCase.php" line="264" class="Tests\Unit\Playground\Directory\Models\Location\ModelTest" classname="Tests.Unit.Playground.Directory.Models.Location.ModelTest" assertions="6" time="0.097984"/>
        <testcase name="test_model_factory_make" file="/app/vendor/gammamatrix/playground-test/src/Unit/Models/ModelCase.php" line="280" class="Tests\Unit\Playground\Directory\Models\Location\ModelTest" classname="Tests.Unit.Playground.Directory.Models.Location.ModelTest" assertions="3" time="0.032559"/>
      </testsuite>
      <testsuite name="Tests\Unit\Playground\Directory\Models\LocationRevision\ModelTest" file="/app/tests/Unit/Models/LocationRevision/ModelTest.php" tests="3" assertions="9" errors="0" failures="0" skipped="0" time="0.075366">
        <testcase name="test_model_instance" file="/app/vendor/gammamatrix/playground-test/src/Unit/Models/ModelCase.php" line="103" class="Tests\Unit\Playground\Directory\Models\LocationRevision\ModelTest" classname="Tests.Unit.Playground.Directory.Models.LocationRevision.ModelTest" assertions="1" time="0.022718"/>
        <testcase name="test_verify_model_relationships" file="/app/vendor/gammamatrix/playground-test/src/Unit/Models/ModelCase.php" line="264" class="Tests\Unit\Playground\Directory\Models\LocationRevision\ModelTest" classname="Tests.Unit.Playground.Directory.Models.LocationRevision.ModelTest" assertions="5" time="0.025579"/>
        <testcase name="test_model_factory_make" file="/app/vendor/gammamatrix/playground-test/src/Unit/Models/ModelCase.php" line="280" class="Tests\Unit\Playground\Directory\Models\LocationRevision\ModelTest" classname="Tests.Unit.Playground.Directory.Models.LocationRevision.ModelTest" assertions="3" time="0.027068"/>
      </testsuite>
      <testsuite name="Tests\Unit\Playground\Directory\Models\Sublocation\ModelTest" file="/app/tests/Unit/Models/Sublocation/ModelTest.php" tests="3" assertions="10" errors="0" failures="0" skipped="0" time="0.100897">
        <testcase name="test_model_instance" file="/app/vendor/gammamatrix/playground-test/src/Unit/Models/ModelCase.php" line="103" class="Tests\Unit\Playground\Directory\Models\Sublocation\ModelTest" classname="Tests.Unit.Playground.Directory.Models.Sublocation.ModelTest" assertions="1" time="0.023623"/>
        <testcase name="test_verify_model_relationships" file="/app/vendor/gammamatrix/playground-test/src/Unit/Models/ModelCase.php" line="264" class="Tests\Unit\Playground\Directory\Models\Sublocation\ModelTest" classname="Tests.Unit.Playground.Directory.Models.Sublocation.ModelTest" assertions="6" time="0.053617"/>
        <testcase name="test_model_factory_make" file="/app/vendor/gammamatrix/playground-test/src/Unit/Models/ModelCase.php" line="280" class="Tests\Unit\Playground\Directory\Models\Sublocation\ModelTest" classname="Tests.Unit.Playground.Directory.Models.Sublocation.ModelTest" assertions="3" time="0.023657"/>
      </testsuite>
      <testsuite name="Tests\Unit\Playground\Directory\Models\SublocationRevision\ModelTest" file="/app/tests/Unit/Models/SublocationRevision/ModelTest.php" tests="3" assertions="10" errors="0" failures="0" skipped="0" time="0.071238">
        <testcase name="test_model_instance" file="/app/vendor/gammamatrix/playground-test/src/Unit/Models/ModelCase.php" line="103" class="Tests\Unit\Playground\Directory\Models\SublocationRevision\ModelTest" classname="Tests.Unit.Playground.Directory.Models.SublocationRevision.ModelTest" assertions="1" time="0.022744"/>
        <testcase name="test_verify_model_relationships" file="/app/vendor/gammamatrix/playground-test/src/Unit/Models/ModelCase.php" line="264" class="Tests\Unit\Playground\Directory\Models\SublocationRevision\ModelTest" classname="Tests.Unit.Playground.Directory.Models.SublocationRevision.ModelTest" assertions="6" time="0.024816"/>
        <testcase name="test_model_factory_make" file="/app/vendor/gammamatrix/playground-test/src/Unit/Models/ModelCase.php" line="280" class="Tests\Unit\Playground\Directory\Models\SublocationRevision\ModelTest" classname="Tests.Unit.Playground.Directory.Models.SublocationRevision.ModelTest" assertions="3" time="0.023678"/>
      </testsuite>
    </testsuite>
    <testsuite name="Feature" tests="13" assertions="162" errors="0" failures="0" skipped="0" time="2.504992">
      <testsuite name="Tests\Feature\Playground\Directory\Console\Commands\About\CommandTest" file="/app/tests/Feature/Console/Commands/About/CommandTest.php" tests="1" assertions="2" errors="0" failures="0" skipped="0" time="0.276027">
        <testcase name="test_command_about_displays_package_information_and_succeed" file="/app/tests/Feature/Console/Commands/About/CommandTest.php" line="33" class="Tests\Feature\Playground\Directory\Console\Commands\About\CommandTest" classname="Tests.Feature.Playground.Directory.Console.Commands.About.CommandTest" assertions="2" time="0.276027"/>
      </testsuite>
      <testsuite name="Tests\Feature\Playground\Directory\Models\Location\ModelTest" file="/app/tests/Feature/Models/Location/ModelTest.php" tests="3" assertions="44" errors="0" failures="0" skipped="0" time="0.603349">
        <testcase name="test_model_instance" file="/app/vendor/gammamatrix/playground-test/src/Feature/Models/ModelCase.php" line="109" class="Tests\Feature\Playground\Directory\Models\Location\ModelTest" classname="Tests.Feature.Playground.Directory.Models.Location.ModelTest" assertions="1" time="0.144993"/>
        <testcase name="test_verify_model_relationships" file="/app/vendor/gammamatrix/playground-test/src/Feature/Models/ModelCase.php" line="528" class="Tests\Feature\Playground\Directory\Models\Location\ModelTest" classname="Tests.Feature.Playground.Directory.Models.Location.ModelTest" assertions="40" time="0.311864"/>
        <testcase name="test_factory_create" file="/app/vendor/gammamatrix/playground-test/src/Feature/Models/ModelCase.php" line="549" class="Tests\Feature\Playground\Directory\Models\Location\ModelTest" classname="Tests.Feature.Playground.Directory.Models.Location.ModelTest" assertions="3" time="0.146492"/>
      </testsuite>
      <testsuite name="Tests\Feature\Playground\Directory\Models\LocationRevision\ModelTest" file="/app/tests/Feature/Models/LocationRevision/ModelTest.php" tests="3" assertions="34" errors="0" failures="0" skipped="0" time="0.521969">
        <testcase name="test_model_instance" file="/app/vendor/gammamatrix/playground-test/src/Feature/Models/ModelCase.php" line="109" class="Tests\Feature\Playground\Directory\Models\LocationRevision\ModelTest" classname="Tests.Feature.Playground.Directory.Models.LocationRevision.ModelTest" assertions="1" time="0.141454"/>
        <testcase name="test_verify_model_relationships" file="/app/vendor/gammamatrix/playground-test/src/Feature/Models/ModelCase.php" line="528" class="Tests\Feature\Playground\Directory\Models\LocationRevision\ModelTest" classname="Tests.Feature.Playground.Directory.Models.LocationRevision.ModelTest" assertions="30" time="0.233694"/>
        <testcase name="test_factory_create" file="/app/vendor/gammamatrix/playground-test/src/Feature/Models/ModelCase.php" line="549" class="Tests\Feature\Playground\Directory\Models\LocationRevision\ModelTest" classname="Tests.Feature.Playground.Directory.Models.LocationRevision.ModelTest" assertions="3" time="0.146821"/>
      </testsuite>
      <testsuite name="Tests\Feature\Playground\Directory\Models\Sublocation\ModelTest" file="/app/tests/Feature/Models/Sublocation/ModelTest.php" tests="3" assertions="42" errors="0" failures="0" skipped="0" time="0.555072">
        <testcase name="test_model_instance" file="/app/vendor/gammamatrix/playground-test/src/Feature/Models/ModelCase.php" line="109" class="Tests\Feature\Playground\Directory\Models\Sublocation\ModelTest" classname="Tests.Feature.Playground.Directory.Models.Sublocation.ModelTest" assertions="1" time="0.140836"/>
        <testcase name="test_verify_model_relationships" file="/app/vendor/gammamatrix/playground-test/src/Feature/Models/ModelCase.php" line="528" class="Tests\Feature\Playground\Directory\Models\Sublocation\ModelTest" classname="Tests.Feature.Playground.Directory.Models.Sublocation.ModelTest" assertions="38" time="0.268404"/>
        <testcase name="test_factory_create" file="/app/vendor/gammamatrix/playground-test/src/Feature/Models/ModelCase.php" line="549" class="Tests\Feature\Playground\Directory\Models\Sublocation\ModelTest" classname="Tests.Feature.Playground.Directory.Models.Sublocation.ModelTest" assertions="3" time="0.145832"/>
      </testsuite>
      <testsuite name="Tests\Feature\Playground\Directory\Models\SublocationRevision\ModelTest" file="/app/tests/Feature/Models/SublocationRevision/ModelTest.php" tests="3" assertions="40" errors="0" failures="0" skipped="0" time="0.548574">
        <testcase name="test_model_instance" file="/app/vendor/gammamatrix/playground-test/src/Feature/Models/ModelCase.php" line="109" class="Tests\Feature\Playground\Directory\Models\SublocationRevision\ModelTest" classname="Tests.Feature.Playground.Directory.Models.SublocationRevision.ModelTest" assertions="1" time="0.139307"/>
        <testcase name="test_verify_model_relationships" file="/app/vendor/gammamatrix/playground-test/src/Feature/Models/ModelCase.php" line="528" class="Tests\Feature\Playground\Directory\Models\SublocationRevision\ModelTest" classname="Tests.Feature.Playground.Directory.Models.SublocationRevision.ModelTest" assertions="36" time="0.258506"/>
        <testcase name="test_factory_create" file="/app/vendor/gammamatrix/playground-test/src/Feature/Models/ModelCase.php" line="549" class="Tests\Feature\Playground\Directory\Models\SublocationRevision\ModelTest" classname="Tests.Feature.Playground.Directory.Models.SublocationRevision.ModelTest" assertions="3" time="0.150761"/>
      </testsuite>
    </testsuite>
  </testsuite>
</testsuites>
