<?xml version="1.0" encoding="UTF-8"?>
<testsuites>
  <testsuite name="/app/phpunit-ci.xml" tests="25" assertions="201" errors="0" failures="0" skipped="0" time="3.275591">
    <testsuite name="Unit" tests="12" assertions="39" errors="0" failures="0" skipped="0" time="0.655071">
      <testsuite name="Tests\Unit\Playground\Directory\Models\Location\ModelTest" file="/app/tests/Unit/Models/Location/ModelTest.php" tests="3" assertions="10" errors="0" failures="0" skipped="0" time="0.392787">
        <testcase name="test_model_instance" file="/app/vendor/gammamatrix/playground-test/src/Unit/Models/ModelCase.php" line="103" class="Tests\Unit\Playground\Directory\Models\Location\ModelTest" classname="Tests.Unit.Playground.Directory.Models.Location.ModelTest" assertions="1" time="0.259004"/>
        <testcase name="test_verify_model_relationships" file="/app/vendor/gammamatrix/playground-test/src/Unit/Models/ModelCase.php" line="264" class="Tests\Unit\Playground\Directory\Models\Location\ModelTest" classname="Tests.Unit.Playground.Directory.Models.Location.ModelTest" assertions="6" time="0.098437"/>
        <testcase name="test_model_factory_make" file="/app/vendor/gammamatrix/playground-test/src/Unit/Models/ModelCase.php" line="280" class="Tests\Unit\Playground\Directory\Models\Location\ModelTest" classname="Tests.Unit.Playground.Directory.Models.Location.ModelTest" assertions="3" time="0.035346"/>
      </testsuite>
      <testsuite name="Tests\Unit\Playground\Directory\Models\LocationRevision\ModelTest" file="/app/tests/Unit/Models/LocationRevision/ModelTest.php" tests="3" assertions="9" errors="0" failures="0" skipped="0" time="0.078239">
        <testcase name="test_model_instance" file="/app/vendor/gammamatrix/playground-test/src/Unit/Models/ModelCase.php" line="103" class="Tests\Unit\Playground\Directory\Models\LocationRevision\ModelTest" classname="Tests.Unit.Playground.Directory.Models.LocationRevision.ModelTest" assertions="1" time="0.023749"/>
        <testcase name="test_verify_model_relationships" file="/app/vendor/gammamatrix/playground-test/src/Unit/Models/ModelCase.php" line="264" class="Tests\Unit\Playground\Directory\Models\LocationRevision\ModelTest" classname="Tests.Unit.Playground.Directory.Models.LocationRevision.ModelTest" assertions="5" time="0.026759"/>
        <testcase name="test_model_factory_make" file="/app/vendor/gammamatrix/playground-test/src/Unit/Models/ModelCase.php" line="280" class="Tests\Unit\Playground\Directory\Models\LocationRevision\ModelTest" classname="Tests.Unit.Playground.Directory.Models.LocationRevision.ModelTest" assertions="3" time="0.027731"/>
      </testsuite>
      <testsuite name="Tests\Unit\Playground\Directory\Models\Sublocation\ModelTest" file="/app/tests/Unit/Models/Sublocation/ModelTest.php" tests="3" assertions="10" errors="0" failures="0" skipped="0" time="0.106074">
        <testcase name="test_model_instance" file="/app/vendor/gammamatrix/playground-test/src/Unit/Models/ModelCase.php" line="103" class="Tests\Unit\Playground\Directory\Models\Sublocation\ModelTest" classname="Tests.Unit.Playground.Directory.Models.Sublocation.ModelTest" assertions="1" time="0.024550"/>
        <testcase name="test_verify_model_relationships" file="/app/vendor/gammamatrix/playground-test/src/Unit/Models/ModelCase.php" line="264" class="Tests\Unit\Playground\Directory\Models\Sublocation\ModelTest" classname="Tests.Unit.Playground.Directory.Models.Sublocation.ModelTest" assertions="6" time="0.055961"/>
        <testcase name="test_model_factory_make" file="/app/vendor/gammamatrix/playground-test/src/Unit/Models/ModelCase.php" line="280" class="Tests\Unit\Playground\Directory\Models\Sublocation\ModelTest" classname="Tests.Unit.Playground.Directory.Models.Sublocation.ModelTest" assertions="3" time="0.025562"/>
      </testsuite>
      <testsuite name="Tests\Unit\Playground\Directory\Models\SublocationRevision\ModelTest" file="/app/tests/Unit/Models/SublocationRevision/ModelTest.php" tests="3" assertions="10" errors="0" failures="0" skipped="0" time="0.077971">
        <testcase name="test_model_instance" file="/app/vendor/gammamatrix/playground-test/src/Unit/Models/ModelCase.php" line="103" class="Tests\Unit\Playground\Directory\Models\SublocationRevision\ModelTest" classname="Tests.Unit.Playground.Directory.Models.SublocationRevision.ModelTest" assertions="1" time="0.026238"/>
        <testcase name="test_verify_model_relationships" file="/app/vendor/gammamatrix/playground-test/src/Unit/Models/ModelCase.php" line="264" class="Tests\Unit\Playground\Directory\Models\SublocationRevision\ModelTest" classname="Tests.Unit.Playground.Directory.Models.SublocationRevision.ModelTest" assertions="6" time="0.026355"/>
        <testcase name="test_model_factory_make" file="/app/vendor/gammamatrix/playground-test/src/Unit/Models/ModelCase.php" line="280" class="Tests\Unit\Playground\Directory\Models\SublocationRevision\ModelTest" classname="Tests.Unit.Playground.Directory.Models.SublocationRevision.ModelTest" assertions="3" time="0.025378"/>
      </testsuite>
    </testsuite>
    <testsuite name="Feature" tests="13" assertions="162" errors="0" failures="0" skipped="0" time="2.620521">
      <testsuite name="Tests\Feature\Playground\Directory\Console\Commands\About\CommandTest" file="/app/tests/Feature/Console/Commands/About/CommandTest.php" tests="1" assertions="2" errors="0" failures="0" skipped="0" time="0.285417">
        <testcase name="test_command_about_displays_package_information_and_succeed" file="/app/tests/Feature/Console/Commands/About/CommandTest.php" line="33" class="Tests\Feature\Playground\Directory\Console\Commands\About\CommandTest" classname="Tests.Feature.Playground.Directory.Console.Commands.About.CommandTest" assertions="2" time="0.285417"/>
      </testsuite>
      <testsuite name="Tests\Feature\Playground\Directory\Models\Location\ModelTest" file="/app/tests/Feature/Models/Location/ModelTest.php" tests="3" assertions="44" errors="0" failures="0" skipped="0" time="0.628288">
        <testcase name="test_model_instance" file="/app/vendor/gammamatrix/playground-test/src/Feature/Models/ModelCase.php" line="109" class="Tests\Feature\Playground\Directory\Models\Location\ModelTest" classname="Tests.Feature.Playground.Directory.Models.Location.ModelTest" assertions="1" time="0.152398"/>
        <testcase name="test_verify_model_relationships" file="/app/vendor/gammamatrix/playground-test/src/Feature/Models/ModelCase.php" line="528" class="Tests\Feature\Playground\Directory\Models\Location\ModelTest" classname="Tests.Feature.Playground.Directory.Models.Location.ModelTest" assertions="40" time="0.324032"/>
        <testcase name="test_factory_create" file="/app/vendor/gammamatrix/playground-test/src/Feature/Models/ModelCase.php" line="549" class="Tests\Feature\Playground\Directory\Models\Location\ModelTest" classname="Tests.Feature.Playground.Directory.Models.Location.ModelTest" assertions="3" time="0.151858"/>
      </testsuite>
      <testsuite name="Tests\Feature\Playground\Directory\Models\LocationRevision\ModelTest" file="/app/tests/Feature/Models/LocationRevision/ModelTest.php" tests="3" assertions="34" errors="0" failures="0" skipped="0" time="0.543841">
        <testcase name="test_model_instance" file="/app/vendor/gammamatrix/playground-test/src/Feature/Models/ModelCase.php" line="109" class="Tests\Feature\Playground\Directory\Models\LocationRevision\ModelTest" classname="Tests.Feature.Playground.Directory.Models.LocationRevision.ModelTest" assertions="1" time="0.147563"/>
        <testcase name="test_verify_model_relationships" file="/app/vendor/gammamatrix/playground-test/src/Feature/Models/ModelCase.php" line="528" class="Tests\Feature\Playground\Directory\Models\LocationRevision\ModelTest" classname="Tests.Feature.Playground.Directory.Models.LocationRevision.ModelTest" assertions="30" time="0.240733"/>
        <testcase name="test_factory_create" file="/app/vendor/gammamatrix/playground-test/src/Feature/Models/ModelCase.php" line="549" class="Tests\Feature\Playground\Directory\Models\LocationRevision\ModelTest" classname="Tests.Feature.Playground.Directory.Models.LocationRevision.ModelTest" assertions="3" time="0.155545"/>
      </testsuite>
      <testsuite name="Tests\Feature\Playground\Directory\Models\Sublocation\ModelTest" file="/app/tests/Feature/Models/Sublocation/ModelTest.php" tests="3" assertions="42" errors="0" failures="0" skipped="0" time="0.588226">
        <testcase name="test_model_instance" file="/app/vendor/gammamatrix/playground-test/src/Feature/Models/ModelCase.php" line="109" class="Tests\Feature\Playground\Directory\Models\Sublocation\ModelTest" classname="Tests.Feature.Playground.Directory.Models.Sublocation.ModelTest" assertions="1" time="0.149853"/>
        <testcase name="test_verify_model_relationships" file="/app/vendor/gammamatrix/playground-test/src/Feature/Models/ModelCase.php" line="528" class="Tests\Feature\Playground\Directory\Models\Sublocation\ModelTest" classname="Tests.Feature.Playground.Directory.Models.Sublocation.ModelTest" assertions="38" time="0.281789"/>
        <testcase name="test_factory_create" file="/app/vendor/gammamatrix/playground-test/src/Feature/Models/ModelCase.php" line="549" class="Tests\Feature\Playground\Directory\Models\Sublocation\ModelTest" classname="Tests.Feature.Playground.Directory.Models.Sublocation.ModelTest" assertions="3" time="0.156584"/>
      </testsuite>
      <testsuite name="Tests\Feature\Playground\Directory\Models\SublocationRevision\ModelTest" file="/app/tests/Feature/Models/SublocationRevision/ModelTest.php" tests="3" assertions="40" errors="0" failures="0" skipped="0" time="0.574748">
        <testcase name="test_model_instance" file="/app/vendor/gammamatrix/playground-test/src/Feature/Models/ModelCase.php" line="109" class="Tests\Feature\Playground\Directory\Models\SublocationRevision\ModelTest" classname="Tests.Feature.Playground.Directory.Models.SublocationRevision.ModelTest" assertions="1" time="0.147150"/>
        <testcase name="test_verify_model_relationships" file="/app/vendor/gammamatrix/playground-test/src/Feature/Models/ModelCase.php" line="528" class="Tests\Feature\Playground\Directory\Models\SublocationRevision\ModelTest" classname="Tests.Feature.Playground.Directory.Models.SublocationRevision.ModelTest" assertions="36" time="0.267772"/>
        <testcase name="test_factory_create" file="/app/vendor/gammamatrix/playground-test/src/Feature/Models/ModelCase.php" line="549" class="Tests\Feature\Playground\Directory\Models\SublocationRevision\ModelTest" classname="Tests.Feature.Playground.Directory.Models.SublocationRevision.ModelTest" assertions="3" time="0.159826"/>
      </testsuite>
    </testsuite>
  </testsuite>
</testsuites>
