<?xml version="1.0" encoding="UTF-8"?>
<testsuites>
  <testsuite name="/app/phpunit-ci.xml" tests="13" assertions="90" errors="0" failures="0" skipped="0" time="1.582631">
    <testsuite name="Unit" tests="6" assertions="18" errors="0" failures="0" skipped="0" time="0.416551">
      <testsuite name="Tests\Unit\Playground\Directory\Models\Location\ModelTest" file="/app/tests/Unit/Models/Location/ModelTest.php" tests="3" assertions="9" errors="0" failures="0" skipped="0" time="0.342833">
        <testcase name="test_model_instance" file="/app/vendor/gammamatrix/playground-test/src/Unit/Models/ModelCase.php" line="103" class="Tests\Unit\Playground\Directory\Models\Location\ModelTest" classname="Tests.Unit.Playground.Directory.Models.Location.ModelTest" assertions="1" time="0.240066"/>
        <testcase name="test_verify_model_relationships" file="/app/vendor/gammamatrix/playground-test/src/Unit/Models/ModelCase.php" line="264" class="Tests\Unit\Playground\Directory\Models\Location\ModelTest" classname="Tests.Unit.Playground.Directory.Models.Location.ModelTest" assertions="5" time="0.068992"/>
        <testcase name="test_model_factory_make" file="/app/vendor/gammamatrix/playground-test/src/Unit/Models/ModelCase.php" line="280" class="Tests\Unit\Playground\Directory\Models\Location\ModelTest" classname="Tests.Unit.Playground.Directory.Models.Location.ModelTest" assertions="3" time="0.033774"/>
      </testsuite>
      <testsuite name="Tests\Unit\Playground\Directory\Models\Sublocation\ModelTest" file="/app/tests/Unit/Models/Sublocation/ModelTest.php" tests="3" assertions="9" errors="0" failures="0" skipped="0" time="0.073718">
        <testcase name="test_model_instance" file="/app/vendor/gammamatrix/playground-test/src/Unit/Models/ModelCase.php" line="103" class="Tests\Unit\Playground\Directory\Models\Sublocation\ModelTest" classname="Tests.Unit.Playground.Directory.Models.Sublocation.ModelTest" assertions="1" time="0.022305"/>
        <testcase name="test_verify_model_relationships" file="/app/vendor/gammamatrix/playground-test/src/Unit/Models/ModelCase.php" line="264" class="Tests\Unit\Playground\Directory\Models\Sublocation\ModelTest" classname="Tests.Unit.Playground.Directory.Models.Sublocation.ModelTest" assertions="5" time="0.025186"/>
        <testcase name="test_model_factory_make" file="/app/vendor/gammamatrix/playground-test/src/Unit/Models/ModelCase.php" line="280" class="Tests\Unit\Playground\Directory\Models\Sublocation\ModelTest" classname="Tests.Unit.Playground.Directory.Models.Sublocation.ModelTest" assertions="3" time="0.026227"/>
      </testsuite>
    </testsuite>
    <testsuite name="Feature" tests="7" assertions="72" errors="0" failures="0" skipped="0" time="1.166080">
      <testsuite name="Tests\Feature\Playground\Directory\Console\Commands\About\CommandTest" file="/app/tests/Feature/Console/Commands/About/CommandTest.php" tests="1" assertions="2" errors="0" failures="0" skipped="0" time="0.253925">
        <testcase name="test_command_about_displays_package_information_and_succeed_with_code_0" file="/app/tests/Feature/Console/Commands/About/CommandTest.php" line="32" class="Tests\Feature\Playground\Directory\Console\Commands\About\CommandTest" classname="Tests.Feature.Playground.Directory.Console.Commands.About.CommandTest" assertions="2" time="0.253925"/>
      </testsuite>
      <testsuite name="Tests\Feature\Playground\Directory\Models\Location\ModelTest" file="/app/tests/Feature/Models/Location/ModelTest.php" tests="3" assertions="36" errors="0" failures="0" skipped="0" time="0.480662">
        <testcase name="test_model_instance" file="/app/vendor/gammamatrix/playground-test/src/Feature/Models/ModelCase.php" line="109" class="Tests\Feature\Playground\Directory\Models\Location\ModelTest" classname="Tests.Feature.Playground.Directory.Models.Location.ModelTest" assertions="1" time="0.110631"/>
        <testcase name="test_verify_model_relationships" file="/app/vendor/gammamatrix/playground-test/src/Feature/Models/ModelCase.php" line="528" class="Tests\Feature\Playground\Directory\Models\Location\ModelTest" classname="Tests.Feature.Playground.Directory.Models.Location.ModelTest" assertions="32" time="0.252249"/>
        <testcase name="test_factory_create" file="/app/vendor/gammamatrix/playground-test/src/Feature/Models/ModelCase.php" line="549" class="Tests\Feature\Playground\Directory\Models\Location\ModelTest" classname="Tests.Feature.Playground.Directory.Models.Location.ModelTest" assertions="3" time="0.117783"/>
      </testsuite>
      <testsuite name="Tests\Feature\Playground\Directory\Models\Sublocation\ModelTest" file="/app/tests/Feature/Models/Sublocation/ModelTest.php" tests="3" assertions="34" errors="0" failures="0" skipped="0" time="0.431493">
        <testcase name="test_model_instance" file="/app/vendor/gammamatrix/playground-test/src/Feature/Models/ModelCase.php" line="109" class="Tests\Feature\Playground\Directory\Models\Sublocation\ModelTest" classname="Tests.Feature.Playground.Directory.Models.Sublocation.ModelTest" assertions="1" time="0.106730"/>
        <testcase name="test_verify_model_relationships" file="/app/vendor/gammamatrix/playground-test/src/Feature/Models/ModelCase.php" line="528" class="Tests\Feature\Playground\Directory\Models\Sublocation\ModelTest" classname="Tests.Feature.Playground.Directory.Models.Sublocation.ModelTest" assertions="30" time="0.205959"/>
        <testcase name="test_factory_create" file="/app/vendor/gammamatrix/playground-test/src/Feature/Models/ModelCase.php" line="549" class="Tests\Feature\Playground\Directory\Models\Sublocation\ModelTest" classname="Tests.Feature.Playground.Directory.Models.Sublocation.ModelTest" assertions="3" time="0.118804"/>
      </testsuite>
    </testsuite>
  </testsuite>
</testsuites>
