<?xml version="1.0" encoding="UTF-8"?>
<testsuites>
  <testsuite name="/app/phpunit-ci.xml" tests="25" assertions="201" errors="0" failures="0" skipped="0" time="3.003511">
    <testsuite name="Unit" tests="12" assertions="39" errors="0" failures="0" skipped="0" time="0.593456">
      <testsuite name="Tests\Unit\Playground\Directory\Models\Location\ModelTest" file="/app/tests/Unit/Models/Location/ModelTest.php" tests="3" assertions="10" errors="0" failures="0" skipped="0" time="0.349102">
        <testcase name="test_model_instance" file="/app/vendor/gammamatrix/playground-test/src/Unit/Models/ModelCase.php" line="103" class="Tests\Unit\Playground\Directory\Models\Location\ModelTest" classname="Tests.Unit.Playground.Directory.Models.Location.ModelTest" assertions="1" time="0.223804"/>
        <testcase name="test_verify_model_relationships" file="/app/vendor/gammamatrix/playground-test/src/Unit/Models/ModelCase.php" line="264" class="Tests\Unit\Playground\Directory\Models\Location\ModelTest" classname="Tests.Unit.Playground.Directory.Models.Location.ModelTest" assertions="6" time="0.094196"/>
        <testcase name="test_model_factory_make" file="/app/vendor/gammamatrix/playground-test/src/Unit/Models/ModelCase.php" line="280" class="Tests\Unit\Playground\Directory\Models\Location\ModelTest" classname="Tests.Unit.Playground.Directory.Models.Location.ModelTest" assertions="3" time="0.031102"/>
      </testsuite>
      <testsuite name="Tests\Unit\Playground\Directory\Models\LocationRevision\ModelTest" file="/app/tests/Unit/Models/LocationRevision/ModelTest.php" tests="3" assertions="9" errors="0" failures="0" skipped="0" time="0.072866">
        <testcase name="test_model_instance" file="/app/vendor/gammamatrix/playground-test/src/Unit/Models/ModelCase.php" line="103" class="Tests\Unit\Playground\Directory\Models\LocationRevision\ModelTest" classname="Tests.Unit.Playground.Directory.Models.LocationRevision.ModelTest" assertions="1" time="0.021689"/>
        <testcase name="test_verify_model_relationships" file="/app/vendor/gammamatrix/playground-test/src/Unit/Models/ModelCase.php" line="264" class="Tests\Unit\Playground\Directory\Models\LocationRevision\ModelTest" classname="Tests.Unit.Playground.Directory.Models.LocationRevision.ModelTest" assertions="5" time="0.024806"/>
        <testcase name="test_model_factory_make" file="/app/vendor/gammamatrix/playground-test/src/Unit/Models/ModelCase.php" line="280" class="Tests\Unit\Playground\Directory\Models\LocationRevision\ModelTest" classname="Tests.Unit.Playground.Directory.Models.LocationRevision.ModelTest" assertions="3" time="0.026371"/>
      </testsuite>
      <testsuite name="Tests\Unit\Playground\Directory\Models\Sublocation\ModelTest" file="/app/tests/Unit/Models/Sublocation/ModelTest.php" tests="3" assertions="10" errors="0" failures="0" skipped="0" time="0.099411">
        <testcase name="test_model_instance" file="/app/vendor/gammamatrix/playground-test/src/Unit/Models/ModelCase.php" line="103" class="Tests\Unit\Playground\Directory\Models\Sublocation\ModelTest" classname="Tests.Unit.Playground.Directory.Models.Sublocation.ModelTest" assertions="1" time="0.022121"/>
        <testcase name="test_verify_model_relationships" file="/app/vendor/gammamatrix/playground-test/src/Unit/Models/ModelCase.php" line="264" class="Tests\Unit\Playground\Directory\Models\Sublocation\ModelTest" classname="Tests.Unit.Playground.Directory.Models.Sublocation.ModelTest" assertions="6" time="0.053747"/>
        <testcase name="test_model_factory_make" file="/app/vendor/gammamatrix/playground-test/src/Unit/Models/ModelCase.php" line="280" class="Tests\Unit\Playground\Directory\Models\Sublocation\ModelTest" classname="Tests.Unit.Playground.Directory.Models.Sublocation.ModelTest" assertions="3" time="0.023543"/>
      </testsuite>
      <testsuite name="Tests\Unit\Playground\Directory\Models\SublocationRevision\ModelTest" file="/app/tests/Unit/Models/SublocationRevision/ModelTest.php" tests="3" assertions="10" errors="0" failures="0" skipped="0" time="0.072076">
        <testcase name="test_model_instance" file="/app/vendor/gammamatrix/playground-test/src/Unit/Models/ModelCase.php" line="103" class="Tests\Unit\Playground\Directory\Models\SublocationRevision\ModelTest" classname="Tests.Unit.Playground.Directory.Models.SublocationRevision.ModelTest" assertions="1" time="0.022815"/>
        <testcase name="test_verify_model_relationships" file="/app/vendor/gammamatrix/playground-test/src/Unit/Models/ModelCase.php" line="264" class="Tests\Unit\Playground\Directory\Models\SublocationRevision\ModelTest" classname="Tests.Unit.Playground.Directory.Models.SublocationRevision.ModelTest" assertions="6" time="0.025302"/>
        <testcase name="test_model_factory_make" file="/app/vendor/gammamatrix/playground-test/src/Unit/Models/ModelCase.php" line="280" class="Tests\Unit\Playground\Directory\Models\SublocationRevision\ModelTest" classname="Tests.Unit.Playground.Directory.Models.SublocationRevision.ModelTest" assertions="3" time="0.023960"/>
      </testsuite>
    </testsuite>
    <testsuite name="Feature" tests="13" assertions="162" errors="0" failures="0" skipped="0" time="2.410055">
      <testsuite name="Tests\Feature\Playground\Directory\Console\Commands\About\CommandTest" file="/app/tests/Feature/Console/Commands/About/CommandTest.php" tests="1" assertions="2" errors="0" failures="0" skipped="0" time="0.275081">
        <testcase name="test_command_about_displays_package_information_and_succeed" file="/app/tests/Feature/Console/Commands/About/CommandTest.php" line="33" class="Tests\Feature\Playground\Directory\Console\Commands\About\CommandTest" classname="Tests.Feature.Playground.Directory.Console.Commands.About.CommandTest" assertions="2" time="0.275081"/>
      </testsuite>
      <testsuite name="Tests\Feature\Playground\Directory\Models\Location\ModelTest" file="/app/tests/Feature/Models/Location/ModelTest.php" tests="3" assertions="44" errors="0" failures="0" skipped="0" time="0.579494">
        <testcase name="test_model_instance" file="/app/vendor/gammamatrix/playground-test/src/Feature/Models/ModelCase.php" line="109" class="Tests\Feature\Playground\Directory\Models\Location\ModelTest" classname="Tests.Feature.Playground.Directory.Models.Location.ModelTest" assertions="1" time="0.137019"/>
        <testcase name="test_verify_model_relationships" file="/app/vendor/gammamatrix/playground-test/src/Feature/Models/ModelCase.php" line="528" class="Tests\Feature\Playground\Directory\Models\Location\ModelTest" classname="Tests.Feature.Playground.Directory.Models.Location.ModelTest" assertions="40" time="0.296348"/>
        <testcase name="test_factory_create" file="/app/vendor/gammamatrix/playground-test/src/Feature/Models/ModelCase.php" line="549" class="Tests\Feature\Playground\Directory\Models\Location\ModelTest" classname="Tests.Feature.Playground.Directory.Models.Location.ModelTest" assertions="3" time="0.146128"/>
      </testsuite>
      <testsuite name="Tests\Feature\Playground\Directory\Models\LocationRevision\ModelTest" file="/app/tests/Feature/Models/LocationRevision/ModelTest.php" tests="3" assertions="34" errors="0" failures="0" skipped="0" time="0.499939">
        <testcase name="test_model_instance" file="/app/vendor/gammamatrix/playground-test/src/Feature/Models/ModelCase.php" line="109" class="Tests\Feature\Playground\Directory\Models\LocationRevision\ModelTest" classname="Tests.Feature.Playground.Directory.Models.LocationRevision.ModelTest" assertions="1" time="0.139344"/>
        <testcase name="test_verify_model_relationships" file="/app/vendor/gammamatrix/playground-test/src/Feature/Models/ModelCase.php" line="528" class="Tests\Feature\Playground\Directory\Models\LocationRevision\ModelTest" classname="Tests.Feature.Playground.Directory.Models.LocationRevision.ModelTest" assertions="30" time="0.223179"/>
        <testcase name="test_factory_create" file="/app/vendor/gammamatrix/playground-test/src/Feature/Models/ModelCase.php" line="549" class="Tests\Feature\Playground\Directory\Models\LocationRevision\ModelTest" classname="Tests.Feature.Playground.Directory.Models.LocationRevision.ModelTest" assertions="3" time="0.137417"/>
      </testsuite>
      <testsuite name="Tests\Feature\Playground\Directory\Models\Sublocation\ModelTest" file="/app/tests/Feature/Models/Sublocation/ModelTest.php" tests="3" assertions="42" errors="0" failures="0" skipped="0" time="0.529208">
        <testcase name="test_model_instance" file="/app/vendor/gammamatrix/playground-test/src/Feature/Models/ModelCase.php" line="109" class="Tests\Feature\Playground\Directory\Models\Sublocation\ModelTest" classname="Tests.Feature.Playground.Directory.Models.Sublocation.ModelTest" assertions="1" time="0.129373"/>
        <testcase name="test_verify_model_relationships" file="/app/vendor/gammamatrix/playground-test/src/Feature/Models/ModelCase.php" line="528" class="Tests\Feature\Playground\Directory\Models\Sublocation\ModelTest" classname="Tests.Feature.Playground.Directory.Models.Sublocation.ModelTest" assertions="38" time="0.262584"/>
        <testcase name="test_factory_create" file="/app/vendor/gammamatrix/playground-test/src/Feature/Models/ModelCase.php" line="549" class="Tests\Feature\Playground\Directory\Models\Sublocation\ModelTest" classname="Tests.Feature.Playground.Directory.Models.Sublocation.ModelTest" assertions="3" time="0.137250"/>
      </testsuite>
      <testsuite name="Tests\Feature\Playground\Directory\Models\SublocationRevision\ModelTest" file="/app/tests/Feature/Models/SublocationRevision/ModelTest.php" tests="3" assertions="40" errors="0" failures="0" skipped="0" time="0.526333">
        <testcase name="test_model_instance" file="/app/vendor/gammamatrix/playground-test/src/Feature/Models/ModelCase.php" line="109" class="Tests\Feature\Playground\Directory\Models\SublocationRevision\ModelTest" classname="Tests.Feature.Playground.Directory.Models.SublocationRevision.ModelTest" assertions="1" time="0.134191"/>
        <testcase name="test_verify_model_relationships" file="/app/vendor/gammamatrix/playground-test/src/Feature/Models/ModelCase.php" line="528" class="Tests\Feature\Playground\Directory\Models\SublocationRevision\ModelTest" classname="Tests.Feature.Playground.Directory.Models.SublocationRevision.ModelTest" assertions="36" time="0.254623"/>
        <testcase name="test_factory_create" file="/app/vendor/gammamatrix/playground-test/src/Feature/Models/ModelCase.php" line="549" class="Tests\Feature\Playground\Directory\Models\SublocationRevision\ModelTest" classname="Tests.Feature.Playground.Directory.Models.SublocationRevision.ModelTest" assertions="3" time="0.137519"/>
      </testsuite>
    </testsuite>
  </testsuite>
</testsuites>
